<?xml version="1.0" encoding="UTF-8"?>
<testsuite name="CarsAssembleTest" tests="1" skipped="0" failures="0" errors="0" timestamp="2023-09-30T19:32:32" hostname="DESKTOP-DIOGO" time="0.047">
  <properties/>
  <testcase name="workingItemsPerMinuteForSpeedTen" classname="CarsAssembleTest" time="0.047"/>
  <system-out><![CDATA[]]></system-out>
  <system-err><![CDATA[]]></system-err>
</testsuite>
